<?xml version="1.0" encoding="UTF-8"?>
<testsuite name="RectangleTest" tests="3" skipped="0" failures="0" errors="0" timestamp="2015-07-28T18:30:29" hostname="Michaels-MacBook-Pro-2.local" time="0.002">
  <properties/>
  <testcase name="isSquare_WhenASquare_true" classname="RectangleTest" time="0.0"/>
  <testcase name="isSquare_whenNotASquare_false" classname="RectangleTest" time="0.001"/>
  <testcase name="newRectangle_instantiatatesCorrectly" classname="RectangleTest" time="0.001"/>
  <system-out><![CDATA[]]></system-out>
  <system-err><![CDATA[]]></system-err>
</testsuite>
